# JRE version: OpenJDK Runtime Environment (8.0_242-b08) (build 1.8.0_242-b08)
# Java VM: OpenJDK 64-Bit Server VM (25.242-b08 mixed mode windows-amd64 compressed oops)
Heap:
 PSYoungGen      total 138240K, used 16976K [0x000000076bd00000, 0x0000000775b80000, 0x00000007c0000000)
  eden space 128512K, 13% used [0x000000076bd00000,0x000000076cd94168,0x0000000773a80000)
  from space 9728K, 0% used [0x0000000774400000,0x0000000774400000,0x0000000774d80000)
  to   space 13824K, 0% used [0x0000000774e00000,0x0000000774e00000,0x0000000775b80000)
 ParOldGen       total 89600K, used 25089K [0x00000006c3600000, 0x00000006c8d80000, 0x000000076bd00000)
  object space 89600K, 28% used [0x00000006c3600000,0x00000006c4e807e8,0x00000006c8d80000)
 Metaspace       used 53579K, capacity 56702K, committed 56960K, reserved 1107968K
  class space    used 7433K, capacity 7984K, committed 8064K, reserved 1048576K
GC Heap History (40 events):
Event: 3.203 GC heap before
{Heap before GC invocations=1 (full 0):
 PSYoungGen      total 75776K, used 64987K [0x000000076bd00000, 0x0000000771180000, 0x00000007c0000000)
  eden space 65024K, 99% used [0x000000076bd00000,0x000000076fc76fa8,0x000000076fc80000)
  from space 10752K, 0% used [0x0000000770700000,0x0000000770700000,0x0000000771180000)
  to   space 10752K, 0% used [0x000000076fc80000,0x000000076fc80000,0x0000000770700000)
 ParOldGen       total 173568K, used 0K [0x00000006c3600000, 0x00000006cdf80000, 0x000000076bd00000)
  object space 173568K, 0% used [0x00000006c3600000,0x00000006c3600000,0x00000006cdf80000)
 Metaspace       used 11862K, capacity 12174K, committed 12544K, reserved 1060864K
  class space    used 1333K, capacity 1445K, committed 1536K, reserved 1048576K
Event: 3.209 GC heap after
Heap after GC invocations=1 (full 0):
 PSYoungGen      total 75776K, used 4637K [0x000000076bd00000, 0x0000000771180000, 0x00000007c0000000)
  eden space 65024K, 0% used [0x000000076bd00000,0x000000076bd00000,0x000000076fc80000)
  from space 10752K, 43% used [0x000000076fc80000,0x00000007701077e8,0x0000000770700000)
  to   space 10752K, 0% used [0x0000000770700000,0x0000000770700000,0x0000000771180000)
 ParOldGen       total 173568K, used 16K [0x00000006c3600000, 0x00000006cdf80000, 0x000000076bd00000)
  object space 173568K, 0% used [0x00000006c3600000,0x00000006c3604000,0x00000006cdf80000)
 Metaspace       used 11862K, capacity 12174K, committed 12544K, reserved 1060864K
  class space    used 1333K, capacity 1445K, committed 1536K, reserved 1048576K
}
Event: 4.088 GC heap before
{Heap before GC invocations=2 (full 0):
 PSYoungGen      total 75776K, used 69661K [0x000000076bd00000, 0x0000000771180000, 0x00000007c0000000)
  eden space 65024K, 100% used [0x000000076bd00000,0x000000076fc80000,0x000000076fc80000)
  from space 10752K, 43% used [0x000000076fc80000,0x00000007701077e8,0x0000000770700000)
  to   space 10752K, 0% used [0x0000000770700000,0x0000000770700000,0x0000000771180000)
 ParOldGen       total 173568K, used 16K [0x00000006c3600000, 0x00000006cdf80000, 0x000000076bd00000)
  object space 173568K, 0% used [0x00000006c3600000,0x00000006c3604000,0x00000006cdf80000)
 Metaspace       used 18101K, capacity 18864K, committed 19072K, reserved 1067008K
  class space    used 2197K, capacity 2397K, committed 2432K, reserved 1048576K
Event: 4.104 GC heap after
Heap after GC invocations=2 (full 0):
 PSYoungGen      total 75776K, used 9894K [0x000000076bd00000, 0x0000000771180000, 0x00000007c0000000)
  eden space 65024K, 0% used [0x000000076bd00000,0x000000076bd00000,0x000000076fc80000)
  from space 10752K, 92% used [0x0000000770700000,0x00000007710a98c0,0x0000000771180000)
  to   space 10752K, 0% used [0x000000076fc80000,0x000000076fc80000,0x0000000770700000)
 ParOldGen       total 173568K, used 24K [0x00000006c3600000, 0x00000006cdf80000, 0x000000076bd00000)
  object space 173568K, 0% used [0x00000006c3600000,0x00000006c3606000,0x00000006cdf80000)
 Metaspace       used 18101K, capacity 18864K, committed 19072K, reserved 1067008K
  class space    used 2197K, capacity 2397K, committed 2432K, reserved 1048576K
}
Event: 4.261 GC heap before
{Heap before GC invocations=3 (full 0):
 PSYoungGen      total 75776K, used 28555K [0x000000076bd00000, 0x0000000771180000, 0x00000007c0000000)
  eden space 65024K, 28% used [0x000000076bd00000,0x000000076cf39360,0x000000076fc80000)
  from space 10752K, 92% used [0x0000000770700000,0x00000007710a98c0,0x0000000771180000)
  to   space 10752K, 0% used [0x000000076fc80000,0x000000076fc80000,0x0000000770700000)
 ParOldGen       total 173568K, used 24K [0x00000006c3600000, 0x00000006cdf80000, 0x000000076bd00000)
  object space 173568K, 0% used [0x00000006c3600000,0x00000006c3606000,0x00000006cdf80000)
 Metaspace       used 20278K, capacity 21132K, committed 21296K, reserved 1069056K
  class space    used 2479K, capacity 2679K, committed 2688K, reserved 1048576K
Event: 4.269 GC heap after
Heap after GC invocations=3 (full 0):
 PSYoungGen      total 75776K, used 6832K [0x000000076bd00000, 0x0000000771180000, 0x00000007c0000000)
  eden space 65024K, 0% used [0x000000076bd00000,0x000000076bd00000,0x000000076fc80000)
  from space 10752K, 63% used [0x000000076fc80000,0x000000077032c030,0x0000000770700000)
  to   space 10752K, 0% used [0x0000000770700000,0x0000000770700000,0x0000000771180000)
 ParOldGen       total 173568K, used 32K [0x00000006c3600000, 0x00000006cdf80000, 0x000000076bd00000)
  object space 173568K, 0% used [0x00000006c3600000,0x00000006c3608000,0x00000006cdf80000)
 Metaspace       used 20278K, capacity 21132K, committed 21296K, reserved 1069056K
  class space    used 2479K, capacity 2679K, committed 2688K, reserved 1048576K
}
Event: 4.269 GC heap before
{Heap before GC invocations=4 (full 1):
 PSYoungGen      total 75776K, used 6832K [0x000000076bd00000, 0x0000000771180000, 0x00000007c0000000)
  eden space 65024K, 0% used [0x000000076bd00000,0x000000076bd00000,0x000000076fc80000)
  from space 10752K, 63% used [0x000000076fc80000,0x000000077032c030,0x0000000770700000)
  to   space 10752K, 0% used [0x0000000770700000,0x0000000770700000,0x0000000771180000)
 ParOldGen       total 173568K, used 32K [0x00000006c3600000, 0x00000006cdf80000, 0x000000076bd00000)
  object space 173568K, 0% used [0x00000006c3600000,0x00000006c3608000,0x00000006cdf80000)
 Metaspace       used 20278K, capacity 21132K, committed 21296K, reserved 1069056K
  class space    used 2479K, capacity 2679K, committed 2688K, reserved 1048576K
Event: 4.298 GC heap after
Heap after GC invocations=4 (full 1):
 PSYoungGen      total 75776K, used 0K [0x000000076bd00000, 0x0000000771180000, 0x00000007c0000000)
  eden space 65024K, 0% used [0x000000076bd00000,0x000000076bd00000,0x000000076fc80000)
  from space 10752K, 0% used [0x000000076fc80000,0x000000076fc80000,0x0000000770700000)
  to   space 10752K, 0% used [0x0000000770700000,0x0000000770700000,0x0000000771180000)
 ParOldGen       total 89600K, used 6495K [0x00000006c3600000, 0x00000006c8d80000, 0x000000076bd00000)
  object space 89600K, 7% used [0x00000006c3600000,0x00000006c3c57ca8,0x00000006c8d80000)
 Metaspace       used 20278K, capacity 21132K, committed 21296K, reserved 1069056K
  class space    used 2479K, capacity 2679K, committed 2688K, reserved 1048576K
}
Event: 4.617 GC heap before
{Heap before GC invocations=5 (full 1):
 PSYoungGen      total 75776K, used 65024K [0x000000076bd00000, 0x0000000771180000, 0x00000007c0000000)
  eden space 65024K, 100% used [0x000000076bd00000,0x000000076fc80000,0x000000076fc80000)
  from space 10752K, 0% used [0x000000076fc80000,0x000000076fc80000,0x0000000770700000)
  to   space 10752K, 0% used [0x0000000770700000,0x0000000770700000,0x0000000771180000)
 ParOldGen       total 89600K, used 6495K [0x00000006c3600000, 0x00000006c8d80000, 0x000000076bd00000)
  object space 89600K, 7% used [0x00000006c3600000,0x00000006c3c57ca8,0x00000006c8d80000)
 Metaspace       used 22164K, capacity 23066K, committed 23216K, reserved 1069056K
  class space    used 2744K, capacity 2990K, committed 3072K, reserved 1048576K
Event: 4.620 GC heap after
Heap after GC invocations=5 (full 1):
 PSYoungGen      total 75776K, used 3488K [0x000000076bd00000, 0x0000000773e00000, 0x00000007c0000000)
  eden space 65024K, 0% used [0x000000076bd00000,0x000000076bd00000,0x000000076fc80000)
  from space 10752K, 32% used [0x0000000770700000,0x0000000770a68380,0x0000000771180000)
  to   space 10752K, 0% used [0x000000076fc80000,0x000000076fc80000,0x0000000770700000)
 ParOldGen       total 89600K, used 6503K [0x00000006c3600000, 0x00000006c8d80000, 0x000000076bd00000)
  object space 89600K, 7% used [0x00000006c3600000,0x00000006c3c59ca8,0x00000006c8d80000)
 Metaspace       used 22164K, capacity 23066K, committed 23216K, reserved 1069056K
  class space    used 2744K, capacity 2990K, committed 3072K, reserved 1048576K
}
Event: 5.306 GC heap before
{Heap before GC invocations=6 (full 1):
 PSYoungGen      total 75776K, used 68512K [0x000000076bd00000, 0x0000000773e00000, 0x00000007c0000000)
  eden space 65024K, 100% used [0x000000076bd00000,0x000000076fc80000,0x000000076fc80000)
  from space 10752K, 32% used [0x0000000770700000,0x0000000770a68380,0x0000000771180000)
  to   space 10752K, 0% used [0x000000076fc80000,0x000000076fc80000,0x0000000770700000)
 ParOldGen       total 89600K, used 6503K [0x00000006c3600000, 0x00000006c8d80000, 0x000000076bd00000)
  object space 89600K, 7% used [0x00000006c3600000,0x00000006c3c59ca8,0x00000006c8d80000)
 Metaspace       used 25020K, capacity 26326K, committed 26624K, reserved 1073152K
  class space    used 3183K, capacity 3509K, committed 3584K, reserved 1048576K
Event: 5.310 GC heap after
Heap after GC invocations=6 (full 1):
 PSYoungGen      total 75776K, used 7047K [0x000000076bd00000, 0x0000000773a00000, 0x00000007c0000000)
  eden space 65024K, 0% used [0x000000076bd00000,0x000000076bd00000,0x000000076fc80000)
  from space 10752K, 65% used [0x000000076fc80000,0x0000000770361ea8,0x0000000770700000)
  to   space 10240K, 0% used [0x0000000773000000,0x0000000773000000,0x0000000773a00000)
 ParOldGen       total 89600K, used 6511K [0x00000006c3600000, 0x00000006c8d80000, 0x000000076bd00000)
  object space 89600K, 7% used [0x00000006c3600000,0x00000006c3c5bca8,0x00000006c8d80000)
 Metaspace       used 25020K, capacity 26326K, committed 26624K, reserved 1073152K
  class space    used 3183K, capacity 3509K, committed 3584K, reserved 1048576K
}
Event: 6.294 GC heap before
{Heap before GC invocations=7 (full 1):
 PSYoungGen      total 75776K, used 72071K [0x000000076bd00000, 0x0000000773a00000, 0x00000007c0000000)
  eden space 65024K, 100% used [0x000000076bd00000,0x000000076fc80000,0x000000076fc80000)
  from space 10752K, 65% used [0x000000076fc80000,0x0000000770361ea8,0x0000000770700000)
  to   space 10240K, 0% used [0x0000000773000000,0x0000000773000000,0x0000000773a00000)
 ParOldGen       total 89600K, used 6511K [0x00000006c3600000, 0x00000006c8d80000, 0x000000076bd00000)
  object space 89600K, 7% used [0x00000006c3600000,0x00000006c3c5bca8,0x00000006c8d80000)
 Metaspace       used 29955K, capacity 31962K, committed 32256K, reserved 1077248K
  class space    used 3927K, capacity 4321K, committed 4352K, reserved 1048576K
Event: 6.309 GC heap after
Heap after GC invocations=7 (full 1):
 PSYoungGen      total 115712K, used 10230K [0x000000076bd00000, 0x0000000773e00000, 0x00000007c0000000)
  eden space 105472K, 0% used [0x000000076bd00000,0x000000076bd00000,0x0000000772400000)
  from space 10240K, 99% used [0x0000000773000000,0x00000007739fd878,0x0000000773a00000)
  to   space 12288K, 0% used [0x0000000772400000,0x0000000772400000,0x0000000773000000)
 ParOldGen       total 89600K, used 6766K [0x00000006c3600000, 0x00000006c8d80000, 0x000000076bd00000)
  object space 89600K, 7% used [0x00000006c3600000,0x00000006c3c9ba58,0x00000006c8d80000)
 Metaspace       used 29955K, capacity 31962K, committed 32256K, reserved 1077248K
  class space    used 3927K, capacity 4321K, committed 4352K, reserved 1048576K
}
Event: 6.989 GC heap before
{Heap before GC invocations=8 (full 1):
 PSYoungGen      total 115712K, used 115702K [0x000000076bd00000, 0x0000000773e00000, 0x00000007c0000000)
  eden space 105472K, 100% used [0x000000076bd00000,0x0000000772400000,0x0000000772400000)
  from space 10240K, 99% used [0x0000000773000000,0x00000007739fd878,0x0000000773a00000)
  to   space 12288K, 0% used [0x0000000772400000,0x0000000772400000,0x0000000773000000)
 ParOldGen       total 89600K, used 6766K [0x00000006c3600000, 0x00000006c8d80000, 0x000000076bd00000)
  object space 89600K, 7% used [0x00000006c3600000,0x00000006c3c9ba58,0x00000006c8d80000)
 Metaspace       used 31803K, capacity 33934K, committed 34176K, reserved 1079296K
  class space    used 4185K, capacity 4623K, committed 4736K, reserved 1048576K
Event: 7.001 GC heap after
Heap after GC invocations=8 (full 1):
 PSYoungGen      total 117760K, used 9213K [0x000000076bd00000, 0x0000000778080000, 0x00000007c0000000)
  eden space 105472K, 0% used [0x000000076bd00000,0x000000076bd00000,0x0000000772400000)
  from space 12288K, 74% used [0x0000000772400000,0x0000000772cff6d0,0x0000000773000000)
  to   space 12800K, 0% used [0x0000000777400000,0x0000000777400000,0x0000000778080000)
 ParOldGen       total 89600K, used 6774K [0x00000006c3600000, 0x00000006c8d80000, 0x000000076bd00000)
  object space 89600K, 7% used [0x00000006c3600000,0x00000006c3c9da58,0x00000006c8d80000)
 Metaspace       used 31803K, capacity 33934K, committed 34176K, reserved 1079296K
  class space    used 4185K, capacity 4623K, committed 4736K, reserved 1048576K
}
Event: 7.244 GC heap before
{Heap before GC invocations=9 (full 1):
 PSYoungGen      total 117760K, used 20746K [0x000000076bd00000, 0x0000000778080000, 0x00000007c0000000)
  eden space 105472K, 10% used [0x000000076bd00000,0x000000076c843360,0x0000000772400000)
  from space 12288K, 74% used [0x0000000772400000,0x0000000772cff6d0,0x0000000773000000)
  to   space 12800K, 0% used [0x0000000777400000,0x0000000777400000,0x0000000778080000)
 ParOldGen       total 89600K, used 6774K [0x00000006c3600000, 0x00000006c8d80000, 0x000000076bd00000)
  object space 89600K, 7% used [0x00000006c3600000,0x00000006c3c9da58,0x00000006c8d80000)
 Metaspace       used 33287K, capacity 35418K, committed 35496K, reserved 1079296K
  class space    used 4361K, capacity 4791K, committed 4864K, reserved 1048576K
Event: 7.254 GC heap after
Heap after GC invocations=9 (full 1):
 PSYoungGen      total 118272K, used 8331K [0x000000076bd00000, 0x0000000778080000, 0x00000007c0000000)
  eden space 105472K, 0% used [0x000000076bd00000,0x000000076bd00000,0x0000000772400000)
  from space 12800K, 65% used [0x0000000777400000,0x0000000777c22f48,0x0000000778080000)
  to   space 12288K, 0% used [0x0000000772400000,0x0000000772400000,0x0000000773000000)
 ParOldGen       total 89600K, used 7734K [0x00000006c3600000, 0x00000006c8d80000, 0x000000076bd00000)
  object space 89600K, 8% used [0x00000006c3600000,0x00000006c3d8db10,0x00000006c8d80000)
 Metaspace       used 33287K, capacity 35418K, committed 35496K, reserved 1079296K
  class space    used 4361K, capacity 4791K, committed 4864K, reserved 1048576K
}
Event: 7.254 GC heap before
{Heap before GC invocations=10 (full 2):
 PSYoungGen      total 118272K, used 8331K [0x000000076bd00000, 0x0000000778080000, 0x00000007c0000000)
  eden space 105472K, 0% used [0x000000076bd00000,0x000000076bd00000,0x0000000772400000)
  from space 12800K, 65% used [0x0000000777400000,0x0000000777c22f48,0x0000000778080000)
  to   space 12288K, 0% used [0x0000000772400000,0x0000000772400000,0x0000000773000000)
 ParOldGen       total 89600K, used 7734K [0x00000006c3600000, 0x00000006c8d80000, 0x000000076bd00000)
  object space 89600K, 8% used [0x00000006c3600000,0x00000006c3d8db10,0x00000006c8d80000)
 Metaspace       used 33287K, capacity 35418K, committed 35496K, reserved 1079296K
  class space    used 4361K, capacity 4791K, committed 4864K, reserved 1048576K
Event: 7.326 GC heap after
Heap after GC invocations=10 (full 2):
 PSYoungGen      total 118272K, used 0K [0x000000076bd00000, 0x0000000778080000, 0x00000007c0000000)
  eden space 105472K, 0% used [0x000000076bd00000,0x000000076bd00000,0x0000000772400000)
  from space 12800K, 0% used [0x0000000777400000,0x0000000777400000,0x0000000778080000)
  to   space 12288K, 0% used [0x0000000772400000,0x0000000772400000,0x0000000773000000)
 ParOldGen       total 89600K, used 13538K [0x00000006c3600000, 0x00000006c8d80000, 0x000000076bd00000)
  object space 89600K, 15% used [0x00000006c3600000,0x00000006c4338a98,0x00000006c8d80000)
 Metaspace       used 33287K, capacity 35418K, committed 35496K, reserved 1079296K
  class space    used 4361K, capacity 4791K, committed 4864K, reserved 1048576K
}
Event: 7.480 GC heap before
{Heap before GC invocations=11 (full 2):
 PSYoungGen      total 118272K, used 5526K [0x000000076bd00000, 0x0000000778080000, 0x00000007c0000000)
  eden space 105472K, 5% used [0x000000076bd00000,0x000000076c2658e8,0x0000000772400000)
  from space 12800K, 0% used [0x0000000777400000,0x0000000777400000,0x0000000778080000)
  to   space 12288K, 0% used [0x0000000772400000,0x0000000772400000,0x0000000773000000)
 ParOldGen       total 89600K, used 13538K [0x00000006c3600000, 0x00000006c8d80000, 0x000000076bd00000)
  object space 89600K, 15% used [0x00000006c3600000,0x00000006c4338a98,0x00000006c8d80000)
 Metaspace       used 34002K, capacity 36124K, committed 36224K, reserved 1085440K
  class space    used 4500K, capacity 4920K, committed 4992K, reserved 1048576K
Event: 7.482 GC heap after
Heap after GC invocations=11 (full 2):
 PSYoungGen      total 117760K, used 930K [0x000000076bd00000, 0x0000000777480000, 0x00000007c0000000)
  eden space 105472K, 0% used [0x000000076bd00000,0x000000076bd00000,0x0000000772400000)
  from space 12288K, 7% used [0x0000000772400000,0x00000007724e8a18,0x0000000773000000)
  to   space 13312K, 0% used [0x0000000776780000,0x0000000776780000,0x0000000777480000)
 ParOldGen       total 89600K, used 13538K [0x00000006c3600000, 0x00000006c8d80000, 0x000000076bd00000)
  object space 89600K, 15% used [0x00000006c3600000,0x00000006c4338a98,0x00000006c8d80000)
 Metaspace       used 34002K, capacity 36124K, committed 36224K, reserved 1085440K
  class space    used 4500K, capacity 4920K, committed 4992K, reserved 1048576K
}
Event: 7.482 GC heap before
{Heap before GC invocations=12 (full 3):
 PSYoungGen      total 117760K, used 930K [0x000000076bd00000, 0x0000000777480000, 0x00000007c0000000)
  eden space 105472K, 0% used [0x000000076bd00000,0x000000076bd00000,0x0000000772400000)
  from space 12288K, 7% used [0x0000000772400000,0x00000007724e8a18,0x0000000773000000)
  to   space 13312K, 0% used [0x0000000776780000,0x0000000776780000,0x0000000777480000)
 ParOldGen       total 89600K, used 13538K [0x00000006c3600000, 0x00000006c8d80000, 0x000000076bd00000)
  object space 89600K, 15% used [0x00000006c3600000,0x00000006c4338a98,0x00000006c8d80000)
 Metaspace       used 34002K, capacity 36124K, committed 36224K, reserved 1085440K
  class space    used 4500K, capacity 4920K, committed 4992K, reserved 1048576K
Event: 7.683 GC heap after
Heap after GC invocations=12 (full 3):
 PSYoungGen      total 117760K, used 0K [0x000000076bd00000, 0x0000000777480000, 0x00000007c0000000)
  eden space 105472K, 0% used [0x000000076bd00000,0x000000076bd00000,0x0000000772400000)
  from space 12288K, 0% used [0x0000000772400000,0x0000000772400000,0x0000000773000000)
  to   space 13312K, 0% used [0x0000000776780000,0x0000000776780000,0x0000000777480000)
 ParOldGen       total 89600K, used 12959K [0x00000006c3600000, 0x00000006c8d80000, 0x000000076bd00000)
  object space 89600K, 14% used [0x00000006c3600000,0x00000006c42a7ea0,0x00000006c8d80000)
 Metaspace       used 34002K, capacity 36124K, committed 36224K, reserved 1083392K
  class space    used 4500K, capacity 4920K, committed 4992K, reserved 1048576K
}
Event: 8.957 GC heap before
{Heap before GC invocations=13 (full 3):
 PSYoungGen      total 117760K, used 52377K [0x000000076bd00000, 0x0000000777480000, 0x00000007c0000000)
  eden space 105472K, 49% used [0x000000076bd00000,0x000000076f0264f0,0x0000000772400000)
  from space 12288K, 0% used [0x0000000772400000,0x0000000772400000,0x0000000773000000)
  to   space 13312K, 0% used [0x0000000776780000,0x0000000776780000,0x0000000777480000)
 ParOldGen       total 89600K, used 12959K [0x00000006c3600000, 0x00000006c8d80000, 0x000000076bd00000)
  object space 89600K, 14% used [0x00000006c3600000,0x00000006c42a7ea0,0x00000006c8d80000)
 Metaspace       used 41602K, capacity 43882K, committed 44032K, reserved 1095680K
  class space    used 5620K, capacity 6067K, committed 6144K, reserved 1048576K
Event: 8.965 GC heap after
Heap after GC invocations=13 (full 3):
 PSYoungGen      total 119296K, used 9119K [0x000000076bd00000, 0x0000000777080000, 0x00000007c0000000)
  eden space 110080K, 0% used [0x000000076bd00000,0x000000076bd00000,0x0000000772880000)
  from space 9216K, 98% used [0x0000000776780000,0x0000000777067fe0,0x0000000777080000)
  to   space 13312K, 0% used [0x0000000775680000,0x0000000775680000,0x0000000776380000)
 ParOldGen       total 89600K, used 12967K [0x00000006c3600000, 0x00000006c8d80000, 0x000000076bd00000)
  object space 89600K, 14% used [0x00000006c3600000,0x00000006c42a9ea0,0x00000006c8d80000)
 Metaspace       used 41602K, capacity 43882K, committed 44032K, reserved 1095680K
  class space    used 5620K, capacity 6067K, committed 6144K, reserved 1048576K
}
Event: 8.965 GC heap before
{Heap before GC invocations=14 (full 4):
 PSYoungGen      total 119296K, used 9119K [0x000000076bd00000, 0x0000000777080000, 0x00000007c0000000)
  eden space 110080K, 0% used [0x000000076bd00000,0x000000076bd00000,0x0000000772880000)
  from space 9216K, 98% used [0x0000000776780000,0x0000000777067fe0,0x0000000777080000)
  to   space 13312K, 0% used [0x0000000775680000,0x0000000775680000,0x0000000776380000)
 ParOldGen       total 89600K, used 12967K [0x00000006c3600000, 0x00000006c8d80000, 0x000000076bd00000)
  object space 89600K, 14% used [0x00000006c3600000,0x00000006c42a9ea0,0x00000006c8d80000)
 Metaspace       used 41602K, capacity 43882K, committed 44032K, reserved 1095680K
  class space    used 5620K, capacity 6067K, committed 6144K, reserved 1048576K
Event: 9.007 GC heap after
Heap after GC invocations=14 (full 4):
 PSYoungGen      total 119296K, used 0K [0x000000076bd00000, 0x0000000777080000, 0x00000007c0000000)
  eden space 110080K, 0% used [0x000000076bd00000,0x000000076bd00000,0x0000000772880000)
  from space 9216K, 0% used [0x0000000776780000,0x0000000776780000,0x0000000777080000)
  to   space 13312K, 0% used [0x0000000775680000,0x0000000775680000,0x0000000776380000)
 ParOldGen       total 89600K, used 20956K [0x00000006c3600000, 0x00000006c8d80000, 0x000000076bd00000)
  object space 89600K, 23% used [0x00000006c3600000,0x00000006c4a77128,0x00000006c8d80000)
 Metaspace       used 41602K, capacity 43882K, committed 44032K, reserved 1093632K
  class space    used 5620K, capacity 6067K, committed 6144K, reserved 1048576K
}
Event: 9.247 GC heap before
{Heap before GC invocations=15 (full 4):
 PSYoungGen      total 119296K, used 17688K [0x000000076bd00000, 0x0000000777080000, 0x00000007c0000000)
  eden space 110080K, 16% used [0x000000076bd00000,0x000000076ce460d8,0x0000000772880000)
  from space 9216K, 0% used [0x0000000776780000,0x0000000776780000,0x0000000777080000)
  to   space 13312K, 0% used [0x0000000775680000,0x0000000775680000,0x0000000776380000)
 ParOldGen       total 89600K, used 20956K [0x00000006c3600000, 0x00000006c8d80000, 0x000000076bd00000)
  object space 89600K, 23% used [0x00000006c3600000,0x00000006c4a77128,0x00000006c8d80000)
 Metaspace       used 44172K, capacity 46478K, committed 46592K, reserved 1099776K
  class space    used 5948K, capacity 6395K, committed 6400K, reserved 1048576K
Event: 9.253 GC heap after
Heap after GC invocations=15 (full 4):
 PSYoungGen      total 119296K, used 2757K [0x000000076bd00000, 0x0000000776800000, 0x00000007c0000000)
  eden space 116224K, 0% used [0x000000076bd00000,0x000000076bd00000,0x0000000772e80000)
  from space 3072K, 89% used [0x0000000775680000,0x0000000775931730,0x0000000775980000)
  to   space 13312K, 0% used [0x0000000775b00000,0x0000000775b00000,0x0000000776800000)
 ParOldGen       total 89600K, used 20964K [0x00000006c3600000, 0x00000006c8d80000, 0x000000076bd00000)
  object space 89600K, 23% used [0x00000006c3600000,0x00000006c4a79128,0x00000006c8d80000)
 Metaspace       used 44172K, capacity 46478K, committed 46592K, reserved 1099776K
  class space    used 5948K, capacity 6395K, committed 6400K, reserved 1048576K
}
Event: 9.253 GC heap before
{Heap before GC invocations=16 (full 5):
 PSYoungGen      total 119296K, used 2757K [0x000000076bd00000, 0x0000000776800000, 0x00000007c0000000)
  eden space 116224K, 0% used [0x000000076bd00000,0x000000076bd00000,0x0000000772e80000)
  from space 3072K, 89% used [0x0000000775680000,0x0000000775931730,0x0000000775980000)
  to   space 13312K, 0% used [0x0000000775b00000,0x0000000775b00000,0x0000000776800000)
 ParOldGen       total 89600K, used 20964K [0x00000006c3600000, 0x00000006c8d80000, 0x000000076bd00000)
  object space 89600K, 23% used [0x00000006c3600000,0x00000006c4a79128,0x00000006c8d80000)
 Metaspace       used 44172K, capacity 46478K, committed 46592K, reserved 1099776K
  class space    used 5948K, capacity 6395K, committed 6400K, reserved 1048576K
Event: 9.286 GC heap after
Heap after GC invocations=16 (full 5):
 PSYoungGen      total 119296K, used 0K [0x000000076bd00000, 0x0000000776800000, 0x00000007c0000000)
  eden space 116224K, 0% used [0x000000076bd00000,0x000000076bd00000,0x0000000772e80000)
  from space 3072K, 0% used [0x0000000775680000,0x0000000775680000,0x0000000775980000)
  to   space 13312K, 0% used [0x0000000775b00000,0x0000000775b00000,0x0000000776800000)
 ParOldGen       total 89600K, used 18333K [0x00000006c3600000, 0x00000006c8d80000, 0x000000076bd00000)
  object space 89600K, 20% used [0x00000006c3600000,0x00000006c47e7618,0x00000006c8d80000)
 Metaspace       used 44172K, capacity 46478K, committed 46592K, reserved 1097728K
  class space    used 5948K, capacity 6395K, committed 6400K, reserved 1048576K
}
Event: 9.639 GC heap before
{Heap before GC invocations=17 (full 5):
 PSYoungGen      total 119296K, used 22463K [0x000000076bd00000, 0x0000000776800000, 0x00000007c0000000)
  eden space 116224K, 19% used [0x000000076bd00000,0x000000076d2efce8,0x0000000772e80000)
  from space 3072K, 0% used [0x0000000775680000,0x0000000775680000,0x0000000775980000)
  to   space 13312K, 0% used [0x0000000775b00000,0x0000000775b00000,0x0000000776800000)
 ParOldGen       total 89600K, used 18333K [0x00000006c3600000, 0x00000006c8d80000, 0x000000076bd00000)
  object space 89600K, 20% used [0x00000006c3600000,0x00000006c47e7618,0x00000006c8d80000)
 Metaspace       used 46371K, capacity 48688K, committed 48896K, reserved 1101824K
  class space    used 6379K, capacity 6826K, committed 6912K, reserved 1048576K
Event: 9.643 GC heap after
Heap after GC invocations=17 (full 5):
 PSYoungGen      total 125952K, used 2790K [0x000000076bd00000, 0x0000000775e00000, 0x00000007c0000000)
  eden space 122880K, 0% used [0x000000076bd00000,0x000000076bd00000,0x0000000773500000)
  from space 3072K, 90% used [0x0000000775b00000,0x0000000775db9990,0x0000000775e00000)
  to   space 13312K, 0% used [0x0000000774400000,0x0000000774400000,0x0000000775100000)
 ParOldGen       total 89600K, used 18341K [0x00000006c3600000, 0x00000006c8d80000, 0x000000076bd00000)
  object space 89600K, 20% used [0x00000006c3600000,0x00000006c47e9618,0x00000006c8d80000)
 Metaspace       used 46371K, capacity 48688K, committed 48896K, reserved 1101824K
  class space    used 6379K, capacity 6826K, committed 6912K, reserved 1048576K
}
Event: 9.643 GC heap before
{Heap before GC invocations=18 (full 6):
 PSYoungGen      total 125952K, used 2790K [0x000000076bd00000, 0x0000000775e00000, 0x00000007c0000000)
  eden space 122880K, 0% used [0x000000076bd00000,0x000000076bd00000,0x0000000773500000)
  from space 3072K, 90% used [0x0000000775b00000,0x0000000775db9990,0x0000000775e00000)
  to   space 13312K, 0% used [0x0000000774400000,0x0000000774400000,0x0000000775100000)
 ParOldGen       total 89600K, used 18341K [0x00000006c3600000, 0x00000006c8d80000, 0x000000076bd00000)
  object space 89600K, 20% used [0x00000006c3600000,0x00000006c47e9618,0x00000006c8d80000)
 Metaspace       used 46371K, capacity 48688K, committed 48896K, reserved 1101824K
  class space    used 6379K, capacity 6826K, committed 6912K, reserved 1048576K
Event: 9.749 GC heap after
Heap after GC invocations=18 (full 6):
 PSYoungGen      total 125952K, used 0K [0x000000076bd00000, 0x0000000775e00000, 0x00000007c0000000)
  eden space 122880K, 0% used [0x000000076bd00000,0x000000076bd00000,0x0000000773500000)
  from space 3072K, 0% used [0x0000000775b00000,0x0000000775b00000,0x0000000775e00000)
  to   space 13312K, 0% used [0x0000000774400000,0x0000000774400000,0x0000000775100000)
 ParOldGen       total 89600K, used 18787K [0x00000006c3600000, 0x00000006c8d80000, 0x000000076bd00000)
  object space 89600K, 20% used [0x00000006c3600000,0x00000006c4858f28,0x00000006c8d80000)
 Metaspace       used 46371K, capacity 48688K, committed 48896K, reserved 1099776K
  class space    used 6379K, capacity 6826K, committed 6912K, reserved 1048576K
}
Event: 11.465 GC heap before
{Heap before GC invocations=19 (full 6):
 PSYoungGen      total 125952K, used 95314K [0x000000076bd00000, 0x0000000775e00000, 0x00000007c0000000)
  eden space 122880K, 77% used [0x000000076bd00000,0x0000000771a148f0,0x0000000773500000)
  from space 3072K, 0% used [0x0000000775b00000,0x0000000775b00000,0x0000000775e00000)
  to   space 13312K, 0% used [0x0000000774400000,0x0000000774400000,0x0000000775100000)
 ParOldGen       total 89600K, used 18787K [0x00000006c3600000, 0x00000006c8d80000, 0x000000076bd00000)
  object space 89600K, 20% used [0x00000006c3600000,0x00000006c4858f28,0x00000006c8d80000)
 Metaspace       used 52945K, capacity 55928K, committed 56064K, reserved 1107968K
  class space    used 7308K, capacity 7851K, committed 7936K, reserved 1048576K
Event: 11.477 GC heap after
Heap after GC invocations=19 (full 6):
 PSYoungGen      total 138240K, used 9332K [0x000000076bd00000, 0x0000000775b80000, 0x00000007c0000000)
  eden space 128512K, 0% used [0x000000076bd00000,0x000000076bd00000,0x0000000773a80000)
  from space 9728K, 95% used [0x0000000774400000,0x0000000774d1d220,0x0000000774d80000)
  to   space 13824K, 0% used [0x0000000774e00000,0x0000000774e00000,0x0000000775b80000)
 ParOldGen       total 89600K, used 18795K [0x00000006c3600000, 0x00000006c8d80000, 0x000000076bd00000)
  object space 89600K, 20% used [0x00000006c3600000,0x00000006c485af28,0x00000006c8d80000)
 Metaspace       used 52945K, capacity 55928K, committed 56064K, reserved 1107968K
  class space    used 7308K, capacity 7851K, committed 7936K, reserved 1048576K
}
Event: 11.477 GC heap before
{Heap before GC invocations=20 (full 7):
 PSYoungGen      total 138240K, used 9332K [0x000000076bd00000, 0x0000000775b80000, 0x00000007c0000000)
  eden space 128512K, 0% used [0x000000076bd00000,0x000000076bd00000,0x0000000773a80000)
  from space 9728K, 95% used [0x0000000774400000,0x0000000774d1d220,0x0000000774d80000)
  to   space 13824K, 0% used [0x0000000774e00000,0x0000000774e00000,0x0000000775b80000)
 ParOldGen       total 89600K, used 18795K [0x00000006c3600000, 0x00000006c8d80000, 0x000000076bd00000)
  object space 89600K, 20% used [0x00000006c3600000,0x00000006c485af28,0x00000006c8d80000)
 Metaspace       used 52945K, capacity 55928K, committed 56064K, reserved 1107968K
  class space    used 7308K, capacity 7851K, committed 7936K, reserved 1048576K
Event: 11.682 GC heap after
Heap after GC invocations=20 (full 7):
 PSYoungGen      total 138240K, used 0K [0x000000076bd00000, 0x0000000775b80000, 0x00000007c0000000)
  eden space 128512K, 0% used [0x000000076bd00000,0x000000076bd00000,0x0000000773a80000)
  from space 9728K, 0% used [0x0000000774400000,0x0000000774400000,0x0000000774d80000)
  to   space 13824K, 0% used [0x0000000774e00000,0x0000000774e00000,0x0000000775b80000)
 ParOldGen       total 89600K, used 25089K [0x00000006c3600000, 0x00000006c8d80000, 0x000000076bd00000)
  object space 89600K, 28% used [0x00000006c3600000,0x00000006c4e807e8,0x00000006c8d80000)
 Metaspace       used 52945K, capacity 55928K, committed 56064K, reserved 1105920K
  class space    used 7308K, capacity 7851K, committed 7936K, reserved 1048576K
}

