# JRE version: OpenJDK Runtime Environment (8.0_242-b08) (build 1.8.0_242-b08)
# Java VM: OpenJDK 64-Bit Server VM (25.242-b08 mixed mode windows-amd64 compressed oops)
Heap:
 PSYoungGen      total 153088K, used 5382K [0x000000076bd00000, 0x0000000776280000, 0x00000007c0000000)
  eden space 140288K, 3% used [0x000000076bd00000,0x000000076c2418b8,0x0000000774600000)
  from space 12800K, 0% used [0x0000000774600000,0x0000000774600000,0x0000000775280000)
  to   space 12288K, 0% used [0x0000000775280000,0x0000000775280000,0x0000000775e80000)
 ParOldGen       total 100864K, used 16093K [0x00000006c3600000, 0x00000006c9880000, 0x000000076bd00000)
  object space 100864K, 15% used [0x00000006c3600000,0x00000006c45b7690,0x00000006c9880000)
 Metaspace       used 37527K, capacity 39728K, committed 39808K, reserved 1091584K
  class space    used 5090K, capacity 5502K, committed 5504K, reserved 1048576K
GC Heap History (24 events):
Event: 1.402 GC heap before
{Heap before GC invocations=1 (full 0):
 PSYoungGen      total 75776K, used 65015K [0x000000076bd00000, 0x0000000771180000, 0x00000007c0000000)
  eden space 65024K, 99% used [0x000000076bd00000,0x000000076fc7dea0,0x000000076fc80000)
  from space 10752K, 0% used [0x0000000770700000,0x0000000770700000,0x0000000771180000)
  to   space 10752K, 0% used [0x000000076fc80000,0x000000076fc80000,0x0000000770700000)
 ParOldGen       total 173568K, used 0K [0x00000006c3600000, 0x00000006cdf80000, 0x000000076bd00000)
  object space 173568K, 0% used [0x00000006c3600000,0x00000006c3600000,0x00000006cdf80000)
 Metaspace       used 11949K, capacity 12242K, committed 12544K, reserved 1060864K
  class space    used 1338K, capacity 1445K, committed 1536K, reserved 1048576K
Event: 1.410 GC heap after
Heap after GC invocations=1 (full 0):
 PSYoungGen      total 75776K, used 4781K [0x000000076bd00000, 0x0000000771180000, 0x00000007c0000000)
  eden space 65024K, 0% used [0x000000076bd00000,0x000000076bd00000,0x000000076fc80000)
  from space 10752K, 44% used [0x000000076fc80000,0x000000077012b7f0,0x0000000770700000)
  to   space 10752K, 0% used [0x0000000770700000,0x0000000770700000,0x0000000771180000)
 ParOldGen       total 173568K, used 16K [0x00000006c3600000, 0x00000006cdf80000, 0x000000076bd00000)
  object space 173568K, 0% used [0x00000006c3600000,0x00000006c3604000,0x00000006cdf80000)
 Metaspace       used 11949K, capacity 12242K, committed 12544K, reserved 1060864K
  class space    used 1338K, capacity 1445K, committed 1536K, reserved 1048576K
}
Event: 2.246 GC heap before
{Heap before GC invocations=2 (full 0):
 PSYoungGen      total 75776K, used 69805K [0x000000076bd00000, 0x0000000771180000, 0x00000007c0000000)
  eden space 65024K, 100% used [0x000000076bd00000,0x000000076fc80000,0x000000076fc80000)
  from space 10752K, 44% used [0x000000076fc80000,0x000000077012b7f0,0x0000000770700000)
  to   space 10752K, 0% used [0x0000000770700000,0x0000000770700000,0x0000000771180000)
 ParOldGen       total 173568K, used 16K [0x00000006c3600000, 0x00000006cdf80000, 0x000000076bd00000)
  object space 173568K, 0% used [0x00000006c3600000,0x00000006c3604000,0x00000006cdf80000)
 Metaspace       used 18128K, capacity 18888K, committed 19072K, reserved 1067008K
  class space    used 2178K, capacity 2363K, committed 2432K, reserved 1048576K
Event: 2.262 GC heap after
Heap after GC invocations=2 (full 0):
 PSYoungGen      total 75776K, used 9992K [0x000000076bd00000, 0x0000000771180000, 0x00000007c0000000)
  eden space 65024K, 0% used [0x000000076bd00000,0x000000076bd00000,0x000000076fc80000)
  from space 10752K, 92% used [0x0000000770700000,0x00000007710c23d0,0x0000000771180000)
  to   space 10752K, 0% used [0x000000076fc80000,0x000000076fc80000,0x0000000770700000)
 ParOldGen       total 173568K, used 24K [0x00000006c3600000, 0x00000006cdf80000, 0x000000076bd00000)
  object space 173568K, 0% used [0x00000006c3600000,0x00000006c3606000,0x00000006cdf80000)
 Metaspace       used 18128K, capacity 18888K, committed 19072K, reserved 1067008K
  class space    used 2178K, capacity 2363K, committed 2432K, reserved 1048576K
}
Event: 2.430 GC heap before
{Heap before GC invocations=3 (full 0):
 PSYoungGen      total 75776K, used 29981K [0x000000076bd00000, 0x0000000771180000, 0x00000007c0000000)
  eden space 65024K, 30% used [0x000000076bd00000,0x000000076d0852a8,0x000000076fc80000)
  from space 10752K, 92% used [0x0000000770700000,0x00000007710c23d0,0x0000000771180000)
  to   space 10752K, 0% used [0x000000076fc80000,0x000000076fc80000,0x0000000770700000)
 ParOldGen       total 173568K, used 24K [0x00000006c3600000, 0x00000006cdf80000, 0x000000076bd00000)
  object space 173568K, 0% used [0x00000006c3600000,0x00000006c3606000,0x00000006cdf80000)
 Metaspace       used 20294K, capacity 21132K, committed 21296K, reserved 1069056K
  class space    used 2470K, capacity 2679K, committed 2688K, reserved 1048576K
Event: 2.439 GC heap after
Heap after GC invocations=3 (full 0):
 PSYoungGen      total 75776K, used 6925K [0x000000076bd00000, 0x0000000771180000, 0x00000007c0000000)
  eden space 65024K, 0% used [0x000000076bd00000,0x000000076bd00000,0x000000076fc80000)
  from space 10752K, 64% used [0x000000076fc80000,0x00000007703437e0,0x0000000770700000)
  to   space 10752K, 0% used [0x0000000770700000,0x0000000770700000,0x0000000771180000)
 ParOldGen       total 173568K, used 32K [0x00000006c3600000, 0x00000006cdf80000, 0x000000076bd00000)
  object space 173568K, 0% used [0x00000006c3600000,0x00000006c3608000,0x00000006cdf80000)
 Metaspace       used 20294K, capacity 21132K, committed 21296K, reserved 1069056K
  class space    used 2470K, capacity 2679K, committed 2688K, reserved 1048576K
}
Event: 2.439 GC heap before
{Heap before GC invocations=4 (full 1):
 PSYoungGen      total 75776K, used 6925K [0x000000076bd00000, 0x0000000771180000, 0x00000007c0000000)
  eden space 65024K, 0% used [0x000000076bd00000,0x000000076bd00000,0x000000076fc80000)
  from space 10752K, 64% used [0x000000076fc80000,0x00000007703437e0,0x0000000770700000)
  to   space 10752K, 0% used [0x0000000770700000,0x0000000770700000,0x0000000771180000)
 ParOldGen       total 173568K, used 32K [0x00000006c3600000, 0x00000006cdf80000, 0x000000076bd00000)
  object space 173568K, 0% used [0x00000006c3600000,0x00000006c3608000,0x00000006cdf80000)
 Metaspace       used 20294K, capacity 21132K, committed 21296K, reserved 1069056K
  class space    used 2470K, capacity 2679K, committed 2688K, reserved 1048576K
Event: 2.489 GC heap after
Heap after GC invocations=4 (full 1):
 PSYoungGen      total 75776K, used 0K [0x000000076bd00000, 0x0000000771180000, 0x00000007c0000000)
  eden space 65024K, 0% used [0x000000076bd00000,0x000000076bd00000,0x000000076fc80000)
  from space 10752K, 0% used [0x000000076fc80000,0x000000076fc80000,0x0000000770700000)
  to   space 10752K, 0% used [0x0000000770700000,0x0000000770700000,0x0000000771180000)
 ParOldGen       total 100864K, used 6659K [0x00000006c3600000, 0x00000006c9880000, 0x000000076bd00000)
  object space 100864K, 6% used [0x00000006c3600000,0x00000006c3c80c70,0x00000006c9880000)
 Metaspace       used 20294K, capacity 21132K, committed 21296K, reserved 1069056K
  class space    used 2470K, capacity 2679K, committed 2688K, reserved 1048576K
}
Event: 2.897 GC heap before
{Heap before GC invocations=5 (full 1):
 PSYoungGen      total 75776K, used 65024K [0x000000076bd00000, 0x0000000771180000, 0x00000007c0000000)
  eden space 65024K, 100% used [0x000000076bd00000,0x000000076fc80000,0x000000076fc80000)
  from space 10752K, 0% used [0x000000076fc80000,0x000000076fc80000,0x0000000770700000)
  to   space 10752K, 0% used [0x0000000770700000,0x0000000770700000,0x0000000771180000)
 ParOldGen       total 100864K, used 6659K [0x00000006c3600000, 0x00000006c9880000, 0x000000076bd00000)
  object space 100864K, 6% used [0x00000006c3600000,0x00000006c3c80c70,0x00000006c9880000)
 Metaspace       used 22241K, capacity 23194K, committed 23472K, reserved 1069056K
  class space    used 2748K, capacity 2990K, committed 3072K, reserved 1048576K
Event: 2.902 GC heap after
Heap after GC invocations=5 (full 1):
 PSYoungGen      total 75776K, used 3367K [0x000000076bd00000, 0x0000000773300000, 0x00000007c0000000)
  eden space 65024K, 0% used [0x000000076bd00000,0x000000076bd00000,0x000000076fc80000)
  from space 10752K, 31% used [0x0000000770700000,0x0000000770a49dd8,0x0000000771180000)
  to   space 10752K, 0% used [0x000000076fc80000,0x000000076fc80000,0x0000000770700000)
 ParOldGen       total 100864K, used 6667K [0x00000006c3600000, 0x00000006c9880000, 0x000000076bd00000)
  object space 100864K, 6% used [0x00000006c3600000,0x00000006c3c82c70,0x00000006c9880000)
 Metaspace       used 22241K, capacity 23194K, committed 23472K, reserved 1069056K
  class space    used 2748K, capacity 2990K, committed 3072K, reserved 1048576K
}
Event: 3.800 GC heap before
{Heap before GC invocations=6 (full 1):
 PSYoungGen      total 75776K, used 68387K [0x000000076bd00000, 0x0000000773300000, 0x00000007c0000000)
  eden space 65024K, 99% used [0x000000076bd00000,0x000000076fc7ef90,0x000000076fc80000)
  from space 10752K, 31% used [0x0000000770700000,0x0000000770a49dd8,0x0000000771180000)
  to   space 10752K, 0% used [0x000000076fc80000,0x000000076fc80000,0x0000000770700000)
 ParOldGen       total 100864K, used 6667K [0x00000006c3600000, 0x00000006c9880000, 0x000000076bd00000)
  object space 100864K, 6% used [0x00000006c3600000,0x00000006c3c82c70,0x00000006c9880000)
 Metaspace       used 25136K, capacity 26478K, committed 26624K, reserved 1073152K
  class space    used 3199K, capacity 3515K, committed 3584K, reserved 1048576K
Event: 3.806 GC heap after
Heap after GC invocations=6 (full 1):
 PSYoungGen      total 75776K, used 7022K [0x000000076bd00000, 0x0000000773000000, 0x00000007c0000000)
  eden space 65024K, 0% used [0x000000076bd00000,0x000000076bd00000,0x000000076fc80000)
  from space 10752K, 65% used [0x000000076fc80000,0x000000077035baf0,0x0000000770700000)
  to   space 10752K, 0% used [0x0000000772580000,0x0000000772580000,0x0000000773000000)
 ParOldGen       total 100864K, used 6675K [0x00000006c3600000, 0x00000006c9880000, 0x000000076bd00000)
  object space 100864K, 6% used [0x00000006c3600000,0x00000006c3c84c70,0x00000006c9880000)
 Metaspace       used 25136K, capacity 26478K, committed 26624K, reserved 1073152K
  class space    used 3199K, capacity 3515K, committed 3584K, reserved 1048576K
}
Event: 5.015 GC heap before
{Heap before GC invocations=7 (full 1):
 PSYoungGen      total 75776K, used 72046K [0x000000076bd00000, 0x0000000773000000, 0x00000007c0000000)
  eden space 65024K, 100% used [0x000000076bd00000,0x000000076fc80000,0x000000076fc80000)
  from space 10752K, 65% used [0x000000076fc80000,0x000000077035baf0,0x0000000770700000)
  to   space 10752K, 0% used [0x0000000772580000,0x0000000772580000,0x0000000773000000)
 ParOldGen       total 100864K, used 6675K [0x00000006c3600000, 0x00000006c9880000, 0x000000076bd00000)
  object space 100864K, 6% used [0x00000006c3600000,0x00000006c3c84c70,0x00000006c9880000)
 Metaspace       used 30125K, capacity 32134K, committed 32384K, reserved 1077248K
  class space    used 3945K, capacity 4355K, committed 4480K, reserved 1048576K
Event: 5.029 GC heap after
Heap after GC invocations=7 (full 1):
 PSYoungGen      total 105472K, used 10655K [0x000000076bd00000, 0x0000000773180000, 0x00000007c0000000)
  eden space 94720K, 0% used [0x000000076bd00000,0x000000076bd00000,0x0000000771980000)
  from space 10752K, 99% used [0x0000000772580000,0x0000000772fe7dd0,0x0000000773000000)
  to   space 12288K, 0% used [0x0000000771980000,0x0000000771980000,0x0000000772580000)
 ParOldGen       total 100864K, used 6683K [0x00000006c3600000, 0x00000006c9880000, 0x000000076bd00000)
  object space 100864K, 6% used [0x00000006c3600000,0x00000006c3c86c70,0x00000006c9880000)
 Metaspace       used 30125K, capacity 32134K, committed 32384K, reserved 1077248K
  class space    used 3945K, capacity 4355K, committed 4480K, reserved 1048576K
}
Event: 5.487 GC heap before
{Heap before GC invocations=8 (full 1):
 PSYoungGen      total 105472K, used 105375K [0x000000076bd00000, 0x0000000773180000, 0x00000007c0000000)
  eden space 94720K, 100% used [0x000000076bd00000,0x0000000771980000,0x0000000771980000)
  from space 10752K, 99% used [0x0000000772580000,0x0000000772fe7dd0,0x0000000773000000)
  to   space 12288K, 0% used [0x0000000771980000,0x0000000771980000,0x0000000772580000)
 ParOldGen       total 100864K, used 6683K [0x00000006c3600000, 0x00000006c9880000, 0x000000076bd00000)
  object space 100864K, 6% used [0x00000006c3600000,0x00000006c3c86c70,0x00000006c9880000)
 Metaspace       used 31107K, capacity 33204K, committed 33536K, reserved 1079296K
  class space    used 4070K, capacity 4486K, committed 4608K, reserved 1048576K
Event: 5.500 GC heap after
Heap after GC invocations=8 (full 1):
 PSYoungGen      total 107008K, used 8300K [0x000000076bd00000, 0x0000000775e80000, 0x00000007c0000000)
  eden space 94720K, 0% used [0x000000076bd00000,0x000000076bd00000,0x0000000771980000)
  from space 12288K, 67% used [0x0000000771980000,0x000000077219b060,0x0000000772580000)
  to   space 12288K, 0% used [0x0000000775280000,0x0000000775280000,0x0000000775e80000)
 ParOldGen       total 100864K, used 6691K [0x00000006c3600000, 0x00000006c9880000, 0x000000076bd00000)
  object space 100864K, 6% used [0x00000006c3600000,0x00000006c3c88c70,0x00000006c9880000)
 Metaspace       used 31107K, capacity 33204K, committed 33536K, reserved 1079296K
  class space    used 4070K, capacity 4486K, committed 4608K, reserved 1048576K
}
Event: 5.936 GC heap before
{Heap before GC invocations=9 (full 1):
 PSYoungGen      total 107008K, used 30583K [0x000000076bd00000, 0x0000000775e80000, 0x00000007c0000000)
  eden space 94720K, 23% used [0x000000076bd00000,0x000000076d2c2f00,0x0000000771980000)
  from space 12288K, 67% used [0x0000000771980000,0x000000077219b060,0x0000000772580000)
  to   space 12288K, 0% used [0x0000000775280000,0x0000000775280000,0x0000000775e80000)
 ParOldGen       total 100864K, used 6691K [0x00000006c3600000, 0x00000006c9880000, 0x000000076bd00000)
  object space 100864K, 6% used [0x00000006c3600000,0x00000006c3c88c70,0x00000006c9880000)
 Metaspace       used 33358K, capacity 35450K, committed 35496K, reserved 1079296K
  class space    used 4377K, capacity 4823K, committed 4864K, reserved 1048576K
Event: 5.950 GC heap after
Heap after GC invocations=9 (full 1):
 PSYoungGen      total 152576K, used 9623K [0x000000076bd00000, 0x0000000776280000, 0x00000007c0000000)
  eden space 140288K, 0% used [0x000000076bd00000,0x000000076bd00000,0x0000000774600000)
  from space 12288K, 78% used [0x0000000775280000,0x0000000775be5ec0,0x0000000775e80000)
  to   space 12800K, 0% used [0x0000000774600000,0x0000000774600000,0x0000000775280000)
 ParOldGen       total 100864K, used 6699K [0x00000006c3600000, 0x00000006c9880000, 0x000000076bd00000)
  object space 100864K, 6% used [0x00000006c3600000,0x00000006c3c8ac70,0x00000006c9880000)
 Metaspace       used 33358K, capacity 35450K, committed 35496K, reserved 1079296K
  class space    used 4377K, capacity 4823K, committed 4864K, reserved 1048576K
}
Event: 5.950 GC heap before
{Heap before GC invocations=10 (full 2):
 PSYoungGen      total 152576K, used 9623K [0x000000076bd00000, 0x0000000776280000, 0x00000007c0000000)
  eden space 140288K, 0% used [0x000000076bd00000,0x000000076bd00000,0x0000000774600000)
  from space 12288K, 78% used [0x0000000775280000,0x0000000775be5ec0,0x0000000775e80000)
  to   space 12800K, 0% used [0x0000000774600000,0x0000000774600000,0x0000000775280000)
 ParOldGen       total 100864K, used 6699K [0x00000006c3600000, 0x00000006c9880000, 0x000000076bd00000)
  object space 100864K, 6% used [0x00000006c3600000,0x00000006c3c8ac70,0x00000006c9880000)
 Metaspace       used 33358K, capacity 35450K, committed 35496K, reserved 1079296K
  class space    used 4377K, capacity 4823K, committed 4864K, reserved 1048576K
Event: 6.029 GC heap after
Heap after GC invocations=10 (full 2):
 PSYoungGen      total 152576K, used 0K [0x000000076bd00000, 0x0000000776280000, 0x00000007c0000000)
  eden space 140288K, 0% used [0x000000076bd00000,0x000000076bd00000,0x0000000774600000)
  from space 12288K, 0% used [0x0000000775280000,0x0000000775280000,0x0000000775e80000)
  to   space 12800K, 0% used [0x0000000774600000,0x0000000774600000,0x0000000775280000)
 ParOldGen       total 100864K, used 13937K [0x00000006c3600000, 0x00000006c9880000, 0x000000076bd00000)
  object space 100864K, 13% used [0x00000006c3600000,0x00000006c439c548,0x00000006c9880000)
 Metaspace       used 33358K, capacity 35450K, committed 35496K, reserved 1079296K
  class space    used 4377K, capacity 4823K, committed 4864K, reserved 1048576K
}
Event: 6.640 GC heap before
{Heap before GC invocations=11 (full 2):
 PSYoungGen      total 152576K, used 24944K [0x000000076bd00000, 0x0000000776280000, 0x00000007c0000000)
  eden space 140288K, 17% used [0x000000076bd00000,0x000000076d55c1f8,0x0000000774600000)
  from space 12288K, 0% used [0x0000000775280000,0x0000000775280000,0x0000000775e80000)
  to   space 12800K, 0% used [0x0000000774600000,0x0000000774600000,0x0000000775280000)
 ParOldGen       total 100864K, used 13937K [0x00000006c3600000, 0x00000006c9880000, 0x000000076bd00000)
  object space 100864K, 13% used [0x00000006c3600000,0x00000006c439c548,0x00000006c9880000)
 Metaspace       used 36937K, capacity 39146K, committed 39296K, reserved 1091584K
  class space    used 5020K, capacity 5437K, committed 5504K, reserved 1048576K
Event: 6.647 GC heap after
Heap after GC invocations=11 (full 2):
 PSYoungGen      total 153088K, used 4222K [0x000000076bd00000, 0x0000000776280000, 0x00000007c0000000)
  eden space 140288K, 0% used [0x000000076bd00000,0x000000076bd00000,0x0000000774600000)
  from space 12800K, 32% used [0x0000000774600000,0x0000000774a1f9f0,0x0000000775280000)
  to   space 12288K, 0% used [0x0000000775280000,0x0000000775280000,0x0000000775e80000)
 ParOldGen       total 100864K, used 13945K [0x00000006c3600000, 0x00000006c9880000, 0x000000076bd00000)
  object space 100864K, 13% used [0x00000006c3600000,0x00000006c439e548,0x00000006c9880000)
 Metaspace       used 36937K, capacity 39146K, committed 39296K, reserved 1091584K
  class space    used 5020K, capacity 5437K, committed 5504K, reserved 1048576K
}
Event: 6.647 GC heap before
{Heap before GC invocations=12 (full 3):
 PSYoungGen      total 153088K, used 4222K [0x000000076bd00000, 0x0000000776280000, 0x00000007c0000000)
  eden space 140288K, 0% used [0x000000076bd00000,0x000000076bd00000,0x0000000774600000)
  from space 12800K, 32% used [0x0000000774600000,0x0000000774a1f9f0,0x0000000775280000)
  to   space 12288K, 0% used [0x0000000775280000,0x0000000775280000,0x0000000775e80000)
 ParOldGen       total 100864K, used 13945K [0x00000006c3600000, 0x00000006c9880000, 0x000000076bd00000)
  object space 100864K, 13% used [0x00000006c3600000,0x00000006c439e548,0x00000006c9880000)
 Metaspace       used 36937K, capacity 39146K, committed 39296K, reserved 1091584K
  class space    used 5020K, capacity 5437K, committed 5504K, reserved 1048576K
Event: 6.953 GC heap after
Heap after GC invocations=12 (full 3):
 PSYoungGen      total 153088K, used 0K [0x000000076bd00000, 0x0000000776280000, 0x00000007c0000000)
  eden space 140288K, 0% used [0x000000076bd00000,0x000000076bd00000,0x0000000774600000)
  from space 12800K, 0% used [0x0000000774600000,0x0000000774600000,0x0000000775280000)
  to   space 12288K, 0% used [0x0000000775280000,0x0000000775280000,0x0000000775e80000)
 ParOldGen       total 100864K, used 16093K [0x00000006c3600000, 0x00000006c9880000, 0x000000076bd00000)
  object space 100864K, 15% used [0x00000006c3600000,0x00000006c45b7690,0x00000006c9880000)
 Metaspace       used 36937K, capacity 39146K, committed 39296K, reserved 1089536K
  class space    used 5020K, capacity 5437K, committed 5504K, reserved 1048576K
}

